{"logLevel":"debug","message":"multithreading is set to false"}
{"logLevel":"debug","message":"Using reflection to scan dependencies for gauge implementations..."}
SLF4J(W): No SLF4J providers were found.
SLF4J(W): Defaulting to no-operation (NOP) logger implementation
SLF4J(W): See https://www.slf4j.org/codes.html#noProviders for further details.
WARNING: A terminally deprecated method in sun.misc.Unsafe has been called
WARNING: sun.misc.Unsafe::objectFieldOffset has been called by io.grpc.netty.shaded.io.netty.util.internal.PlatformDependent0$4 (file:/C:/Users/gulce/.m2/repository/io/grpc/grpc-netty-shaded/1.72.0/grpc-netty-shaded-1.72.0.jar)
WARNING: Please consider reporting this to the maintainers of class io.grpc.netty.shaded.io.netty.util.internal.PlatformDependent0$4
WARNING: sun.misc.Unsafe::objectFieldOffset will be removed in a future release
{"logLevel":"debug","message":"gauge-java took 1877milliseconds to load and scan. This should be less than 'runner_connection_timeout' config value."}
{"logLevel":"debug","message":"run 'gauge config runner_connection_timeout' and verify that it is < 1877"}
{"logLevel":"debug","message":"starting gRPC server..."}
{"logLevel":"debug","message":"started gRPC server on port 57153"}
{"logLevel":"info","message":"Listening on port:57153"}
{"logLevel":"debug","message":"Scanning packages for steps"}
{"logLevel":"debug","message":"Comparing 'step_implementation.PracticeFormSteps.enterLastName' and 'step_implementation.PracticeFormSteps.enterLastName'"}
{"logLevel":"debug","message":"Found Enter last name {} in current project scope."}
{"logLevel":"debug","message":"Comparing 'step_implementation.PracticeFormSteps.selectHobbies' and 'step_implementation.PracticeFormSteps.selectHobbies'"}
{"logLevel":"debug","message":"Found Select hobbies {} in current project scope."}
{"logLevel":"debug","message":"Comparing 'step_implementation.PracticeFormSteps.closeBrowser' and 'step_implementation.PracticeFormSteps.closeBrowser'"}
{"logLevel":"debug","message":"Found Close the browser in current project scope."}
{"logLevel":"debug","message":"Comparing 'step_implementation.PracticeFormSteps.enterFirstName' and 'step_implementation.PracticeFormSteps.enterFirstName'"}
{"logLevel":"debug","message":"Found Enter first name {} in current project scope."}
{"logLevel":"debug","message":"Comparing 'step_implementation.PracticeFormSteps.selectCity' and 'step_implementation.PracticeFormSteps.selectCity'"}
{"logLevel":"debug","message":"Found Select city {} in current project scope."}
{"logLevel":"debug","message":"Comparing 'step_implementation.PracticeFormSteps.enterPhoneNumber' and 'step_implementation.PracticeFormSteps.enterPhoneNumber'"}
{"logLevel":"debug","message":"Found Enter phone number {} in current project scope."}
{"logLevel":"debug","message":"Comparing 'step_implementation.PracticeFormSteps.navigateToFormPage' and 'step_implementation.PracticeFormSteps.navigateToFormPage'"}
{"logLevel":"debug","message":"Found Navigate to form page in current project scope."}
{"logLevel":"debug","message":"Comparing 'step_implementation.PracticeFormSteps.clickSubmitButton' and 'step_implementation.PracticeFormSteps.clickSubmitButton'"}
{"logLevel":"debug","message":"Found Click submit button in current project scope."}
{"logLevel":"debug","message":"Comparing 'step_implementation.PracticeFormSteps.uploadPicture' and 'step_implementation.PracticeFormSteps.uploadPicture'"}
{"logLevel":"debug","message":"Found Upload picture {} in current project scope."}
{"logLevel":"debug","message":"Comparing 'step_implementation.PracticeFormSteps.selectState' and 'step_implementation.PracticeFormSteps.selectState'"}
{"logLevel":"debug","message":"Found Select state {} in current project scope."}
{"logLevel":"debug","message":"Comparing 'step_implementation.PracticeFormSteps.enterEmail' and 'step_implementation.PracticeFormSteps.enterEmail'"}
{"logLevel":"debug","message":"Found Enter email {} in current project scope."}
{"logLevel":"debug","message":"Comparing 'step_implementation.PracticeFormSteps.verifySubmissionFailed' and 'step_implementation.PracticeFormSteps.verifySubmissionFailed'"}
{"logLevel":"debug","message":"Found The submission should not be successful in current project scope."}
{"logLevel":"debug","message":"Comparing 'step_implementation.PracticeFormSteps.selectDateOfBirth' and 'step_implementation.PracticeFormSteps.selectDateOfBirth'"}
{"logLevel":"debug","message":"Found Select date of birth {} in current project scope."}
{"logLevel":"debug","message":"Comparing 'step_implementation.PracticeFormSteps.selectGender' and 'step_implementation.PracticeFormSteps.selectGender'"}
{"logLevel":"debug","message":"Found Select gender {} in current project scope."}
{"logLevel":"debug","message":"Comparing 'step_implementation.PracticeFormSteps.selectSubjects' and 'step_implementation.PracticeFormSteps.selectSubjects'"}
{"logLevel":"debug","message":"Found Select subjects {} in current project scope."}
{"logLevel":"debug","message":"Comparing 'step_implementation.PracticeFormSteps.enterCurrentAddress' and 'step_implementation.PracticeFormSteps.enterCurrentAddress'"}
{"logLevel":"debug","message":"Found Enter current address {} in current project scope."}
{"logLevel":"debug","message":"Comparing 'step_implementation.PracticeFormSteps.modalShouldNotBeDisplayed' and 'step_implementation.PracticeFormSteps.modalShouldNotBeDisplayed'"}
{"logLevel":"debug","message":"Found Modal should not be displayed in current project scope."}
{"logLevel":"debug","message":"Comparing 'step_implementation.PracticeFormSteps.verifySubmission' and 'step_implementation.PracticeFormSteps.verifySubmission'"}
{"logLevel":"debug","message":"Found The submission should be successful in current project scope."}
{"logLevel":"debug","message":"Scanning packages for hooks"}
{"logLevel":"debug","message":"Scanned steps (using static parsing + reflections): "}
{"logLevel":"debug","message":"\tEnter first name {} : public void enterFirstName(String firstName)"}
{"logLevel":"debug","message":"\tEnter email {} : public void enterEmail(String email)"}
{"logLevel":"debug","message":"\tThe submission should be successful : public void verifySubmission()"}
{"logLevel":"debug","message":"\tNavigate to form page : public void navigateToFormPage()"}
{"logLevel":"debug","message":"\tClick submit button : public void clickSubmitButton()"}
{"logLevel":"debug","message":"\tSelect gender {} : public void selectGender(String gender)"}
{"logLevel":"debug","message":"\tUpload picture {} : public void uploadPicture(String path)"}
{"logLevel":"debug","message":"\tEnter last name {} : public void enterLastName(String lastName)"}
{"logLevel":"debug","message":"\tSelect subjects {} : public void selectSubjects(String subject)"}
{"logLevel":"debug","message":"\tThe submission should not be successful : public void verifySubmissionFailed()"}
{"logLevel":"debug","message":"\tSelect hobbies {} : public void selectHobbies(String hobby)"}
{"logLevel":"debug","message":"\tSelect state {} : public void selectState(String state)"}
{"logLevel":"debug","message":"\tEnter current address {} : public void enterCurrentAddress(String address)"}
{"logLevel":"debug","message":"\tModal should not be displayed : public void modalShouldNotBeDisplayed()"}
{"logLevel":"debug","message":"\tSelect date of birth {} : public void selectDateOfBirth(String date)"}
{"logLevel":"debug","message":"\tClose the browser : public void closeBrowser()"}
{"logLevel":"debug","message":"\tSelect city {} : public void selectCity(String city)"}
{"logLevel":"debug","message":"\tEnter phone number {} : public void enterPhoneNumber(String phone)"}
{"logLevel":"debug","message":"Killing Java runner..."}
{"logLevel":"debug","message":"Stopping execution pool..."}
{"logLevel":"debug","message":"Shutting down grpc server..."}
{"logLevel":"debug","message":"Runner killed gracefully."}
