{"logLevel":"debug","message":"multithreading is set to false"}
{"logLevel":"debug","message":"Using reflection to scan dependencies for gauge implementations..."}
SLF4J(W): No SLF4J providers were found.
SLF4J(W): Defaulting to no-operation (NOP) logger implementation
SLF4J(W): See https://www.slf4j.org/codes.html#noProviders for further details.
WARNING: A terminally deprecated method in sun.misc.Unsafe has been called
WARNING: sun.misc.Unsafe::objectFieldOffset has been called by io.grpc.netty.shaded.io.netty.util.internal.PlatformDependent0$3 (file:/C:/Users/gulce/.m2/repository/io/grpc/grpc-netty-shaded/1.37.0/grpc-netty-shaded-1.37.0.jar)
WARNING: Please consider reporting this to the maintainers of class io.grpc.netty.shaded.io.netty.util.internal.PlatformDependent0$3
WARNING: sun.misc.Unsafe::objectFieldOffset will be removed in a future release
{"logLevel":"debug","message":"gauge-java took 1797milliseconds to load and scan. This should be less than 'runner_connection_timeout' config value."}
{"logLevel":"debug","message":"run 'gauge config runner_connection_timeout' and verify that it is < 1797"}
{"logLevel":"debug","message":"starting gRPC server..."}
{"logLevel":"debug","message":"started gRPC server on port 51125"}
{"logLevel":"info","message":"Listening on port:51125"}
{"logLevel":"debug","message":"Scanning packages for steps"}
{"logLevel":"debug","message":"Comparing 'step_implementation.PracticeFormSteps.fillPhone' and 'step_implementation.PracticeFormSteps.fillPhone'"}
{"logLevel":"debug","message":"Found Kullanýcý telefon numarasý {} olarak girilir in current project scope."}
{"logLevel":"debug","message":"Comparing 'step_implementation.PracticeFormSteps.selectGender' and 'step_implementation.PracticeFormSteps.selectGender'"}
{"logLevel":"debug","message":"Found Kullanýcý cinsiyet {} olarak seçilir in current project scope."}
{"logLevel":"debug","message":"Comparing 'step_implementation.PracticeFormSteps.fillName' and 'step_implementation.PracticeFormSteps.fillName'"}
{"logLevel":"debug","message":"Found Kullanýcý adý {} soyadý {} olarak girilir in current project scope."}
{"logLevel":"debug","message":"Comparing 'step_implementation.PracticeFormSteps.navigateToFormPage' and 'step_implementation.PracticeFormSteps.navigateToFormPage'"}
{"logLevel":"debug","message":"Found Kullanýcý form sayfasýna gider in current project scope."}
{"logLevel":"debug","message":"Comparing 'step_implementation.PracticeFormSteps.fillEmail' and 'step_implementation.PracticeFormSteps.fillEmail'"}
{"logLevel":"debug","message":"Found Kullanýcý email {} olarak girilir in current project scope."}
{"logLevel":"debug","message":"Comparing 'step_implementation.PracticeFormSteps.submitForm' and 'step_implementation.PracticeFormSteps.submitForm'"}
{"logLevel":"debug","message":"Found Form gönderilir in current project scope."}
{"logLevel":"debug","message":"Comparing 'step_implementation.PracticeFormSteps.checkPopup' and 'step_implementation.PracticeFormSteps.checkPopup'"}
{"logLevel":"debug","message":"Found Baþarýlý gönderim popup\u2019ý görünür in current project scope."}
{"logLevel":"debug","message":"Scanning packages for hooks"}
{"logLevel":"debug","message":"Scanned steps (using static parsing + reflections): "}
{"logLevel":"debug","message":"\tKullanýcý telefon numarasý {} olarak girilir : public void fillPhone(String tel)"}
{"logLevel":"debug","message":"\tKullanýcý form sayfasýna gider : public void navigateToFormPage()"}
{"logLevel":"debug","message":"\tForm gönderilir : public void submitForm()"}
{"logLevel":"debug","message":"\tKullanýcý email {} olarak girilir : public void fillEmail(String email)"}
{"logLevel":"debug","message":"\tKullanýcý adý {} soyadý {} olarak girilir : public void fillName(String ad, String soyad)"}
{"logLevel":"debug","message":"\tKullanýcý cinsiyet {} olarak seçilir : public void selectGender(String gender)"}
{"logLevel":"debug","message":"\tBaþarýlý gönderim popup\u2019ý görünür : public void checkPopup()"}
Tem 08, 2025 5:44:52 ÖS org.openqa.selenium.devtools.CdpVersionFinder findNearestMatch
WARNING: Unable to find CDP implementation matching 138
Tem 08, 2025 5:44:52 ÖS org.openqa.selenium.chromium.ChromiumDriver lambda$new$5
WARNING: Unable to find version of CDP to use for 138.0.7204.97. You may need to include a dependency on a specific version of the CDP using something similar to `org.seleniumhq.selenium:selenium-devtools-v86:4.21.0` where the version ("v86") matches the version of the chromium-based browser you're using and the version number of the artifact is the same as Selenium's.
{"logLevel":"debug","message":"Executing 'Kullanýcý form sayfasýna gider' using 'class step_implementation.PracticeFormSteps.navigateToFormPage"}
Tem 08, 2025 5:44:53 ÖS org.openqa.selenium.devtools.CdpVersionFinder findNearestMatch
WARNING: Unable to find CDP implementation matching 138
Tem 08, 2025 5:44:53 ÖS org.openqa.selenium.chromium.ChromiumDriver lambda$new$5
WARNING: Unable to find version of CDP to use for 138.0.7204.97. You may need to include a dependency on a specific version of the CDP using something similar to `org.seleniumhq.selenium:selenium-devtools-v86:4.21.0` where the version ("v86") matches the version of the chromium-based browser you're using and the version number of the artifact is the same as Selenium's.
{"logLevel":"debug","message":"Executing 'Kullanýcý adý {} soyadý {} olarak girilir' using 'class step_implementation.PracticeFormSteps.fillName"}
{"logLevel":"debug","message":"Executing 'Kullanýcý email {} olarak girilir' using 'class step_implementation.PracticeFormSteps.fillEmail"}
{"logLevel":"debug","message":"Executing 'Kullanýcý cinsiyet {} olarak seçilir' using 'class step_implementation.PracticeFormSteps.selectGender"}
{"logLevel":"debug","message":"Executing 'Kullanýcý telefon numarasý {} olarak girilir' using 'class step_implementation.PracticeFormSteps.fillPhone"}
{"logLevel":"debug","message":"Executing 'Form gönderilir' using 'class step_implementation.PracticeFormSteps.submitForm"}
{"logLevel":"debug","message":"Killing Java runner..."}
{"logLevel":"debug","message":"Stopping execution pool..."}
{"logLevel":"debug","message":"Shutting down grpc server..."}
{"logLevel":"debug","message":"Runner killed gracefully."}
