{"logLevel":"debug","message":"multithreading is set to false"}
{"logLevel":"debug","message":"Using reflection to scan dependencies for gauge implementations..."}
SLF4J(W): No SLF4J providers were found.
SLF4J(W): Defaulting to no-operation (NOP) logger implementation
SLF4J(W): See https://www.slf4j.org/codes.html#noProviders for further details.
WARNING: A terminally deprecated method in sun.misc.Unsafe has been called
WARNING: sun.misc.Unsafe::objectFieldOffset has been called by io.grpc.netty.shaded.io.netty.util.internal.PlatformDependent0$4 (file:/C:/Users/gulce/.m2/repository/io/grpc/grpc-netty-shaded/1.72.0/grpc-netty-shaded-1.72.0.jar)
WARNING: Please consider reporting this to the maintainers of class io.grpc.netty.shaded.io.netty.util.internal.PlatformDependent0$4
WARNING: sun.misc.Unsafe::objectFieldOffset will be removed in a future release
{"logLevel":"debug","message":"gauge-java took 1958milliseconds to load and scan. This should be less than 'runner_connection_timeout' config value."}
{"logLevel":"debug","message":"run 'gauge config runner_connection_timeout' and verify that it is < 1958"}
{"logLevel":"debug","message":"starting gRPC server..."}
{"logLevel":"debug","message":"started gRPC server on port 55995"}
{"logLevel":"info","message":"Listening on port:55995"}
{"logLevel":"debug","message":"Scanning packages for steps"}
{"logLevel":"debug","message":"Loading Enter email \"{}via reflected sources."}
{"logLevel":"debug","message":"Loading Select subjects \"{}via reflected sources."}
{"logLevel":"debug","message":"Loading Upload picture \"{}via reflected sources."}
{"logLevel":"debug","message":"Comparing 'step_implementation.PracticeFormFullSteps.navigateToFormPage' and 'step_implementation.PracticeFormFullSteps.navigateToFormPage'"}
{"logLevel":"debug","message":"Found Navigate to form page in current project scope."}
{"logLevel":"debug","message":"Loading Enter last name \"{}via reflected sources."}
{"logLevel":"debug","message":"Comparing 'step_implementation.PracticeFormFullSteps.clickSubmitButton' and 'step_implementation.PracticeFormFullSteps.clickSubmitButton'"}
{"logLevel":"debug","message":"Found Click submit button in current project scope."}
{"logLevel":"debug","message":"Loading Select gender \"{}via reflected sources."}
{"logLevel":"debug","message":"Loading Select state \"{}via reflected sources."}
{"logLevel":"debug","message":"Comparing 'step_implementation.PracticeFormFullSteps.verifySubmission' and 'step_implementation.PracticeFormFullSteps.verifySubmission'"}
{"logLevel":"debug","message":"Found The submission should be successful in current project scope."}
{"logLevel":"debug","message":"Loading Enter first name \"{}via reflected sources."}
{"logLevel":"debug","message":"Loading Enter current address \"{}via reflected sources."}
{"logLevel":"debug","message":"Loading Select hobbies \"{}via reflected sources."}
{"logLevel":"debug","message":"Loading Enter phone number \"{}via reflected sources."}
{"logLevel":"debug","message":"Loading Select city \"{}via reflected sources."}
{"logLevel":"debug","message":"Comparing 'step_implementation.PracticeFormFullSteps.closeBrowser' and 'step_implementation.PracticeFormFullSteps.closeBrowser'"}
{"logLevel":"debug","message":"Found Close the browser in current project scope."}
{"logLevel":"debug","message":"Loading Select date of birth \"{}via reflected sources."}
{"logLevel":"debug","message":"Scanning packages for hooks"}
{"logLevel":"debug","message":"Scanned steps (using static parsing + reflections): "}
{"logLevel":"debug","message":"\tEnter last name \"{} : null"}
{"logLevel":"debug","message":"\tSelect state \"{} : null"}
{"logLevel":"debug","message":"\tThe submission should be successful : public void verifySubmission()"}
{"logLevel":"debug","message":"\tNavigate to form page : public void navigateToFormPage()"}
{"logLevel":"debug","message":"\tUpload picture \"{} : null"}
{"logLevel":"debug","message":"\tClick submit button : public void clickSubmitButton()"}
{"logLevel":"debug","message":"\tSelect hobbies \"{} : null"}
{"logLevel":"debug","message":"\tEnter email \\\"{}\\\" : public void enterEmail(String email)"}
{"logLevel":"debug","message":"\tSelect hobbies \\\"{}\\\" : public void selectHobbies(String hobby)"}
{"logLevel":"debug","message":"\tSelect state \\\"{}\\\" : public void selectState(String state)"}
{"logLevel":"debug","message":"\tEnter last name \\\"{}\\\" : public void enterLastName(String lastName)"}
{"logLevel":"debug","message":"\tSelect subjects \"{} : null"}
{"logLevel":"debug","message":"\tEnter phone number \\\"{}\\\" : public void enterPhoneNumber(String phone)"}
{"logLevel":"debug","message":"\tSelect city \\\"{}\\\" : public void selectCity(String city)"}
{"logLevel":"debug","message":"\tSelect gender \\\"{}\\\" : public void selectGender(String gender)"}
{"logLevel":"debug","message":"\tSelect date of birth \\\"{}\\\" : public void selectDateOfBirth(String date)"}
{"logLevel":"debug","message":"\tEnter current address \\\"{}\\\" : public void enterCurrentAddress(String address)"}
{"logLevel":"debug","message":"\tEnter phone number \"{} : null"}
{"logLevel":"debug","message":"\tSelect date of birth \"{} : null"}
{"logLevel":"debug","message":"\tEnter current address \"{} : null"}
{"logLevel":"debug","message":"\tSelect city \"{} : null"}
{"logLevel":"debug","message":"\tEnter email \"{} : null"}
{"logLevel":"debug","message":"\tClose the browser : public void closeBrowser()"}
{"logLevel":"debug","message":"\tSelect gender \"{} : null"}
{"logLevel":"debug","message":"\tUpload picture \\\"{}\\\" : public void uploadPicture(String path)"}
{"logLevel":"debug","message":"\tSelect subjects \\\"{}\\\" : public void selectSubjects(String subject)"}
{"logLevel":"debug","message":"\tEnter first name \"{} : null"}
{"logLevel":"debug","message":"\tEnter first name \\\"{}\\\" : public void enterFirstName(String firstName)"}
{"logLevel":"debug","message":"Killing Java runner..."}
{"logLevel":"debug","message":"Stopping execution pool..."}
{"logLevel":"debug","message":"Shutting down grpc server..."}
{"logLevel":"debug","message":"Runner killed gracefully."}
